{"/home/divine/Documents/projects/hardocs/hardocs-vue-apollo-client/__utils__/images.js": {"path":"/home/divine/Documents/projects/hardocs/hardocs-vue-apollo-client/__utils__/images.js","statementMap":{"0":{"start":{"line":4,"column":2},"end":{"line":4,"column":54}},"1":{"start":{"line":9,"column":15},"end":{"line":9,"column":47}},"2":{"start":{"line":11,"column":17},"end":{"line":11,"column":55}},"3":{"start":{"line":13,"column":2},"end":{"line":13,"column":52}},"4":{"start":{"line":14,"column":2},"end":{"line":14,"column":16}}},"fnMap":{"0":{"name":"buildHtmlImage","decl":{"start":{"line":3,"column":16},"end":{"line":3,"column":30}},"loc":{"start":{"line":3,"column":45},"end":{"line":5,"column":1}},"line":3},"1":{"name":"encodesToBase64","decl":{"start":{"line":7,"column":22},"end":{"line":7,"column":37}},"loc":{"start":{"line":7,"column":44},"end":{"line":15,"column":1}},"line":7}},"branchMap":{},"s":{"0":1,"1":2,"2":2,"3":2,"4":2},"f":{"0":1,"1":2},"b":{},"_coverageSchema":"1a1c01bbd47fc00a2c39e90264f33305004495a9","hash":"a0860168658fcd7cfeca2d91b6f55a82c7a3f864"}
,"/home/divine/Documents/projects/hardocs/hardocs-vue-apollo-client/__utils__/schemas.js": {"path":"/home/divine/Documents/projects/hardocs/hardocs-vue-apollo-client/__utils__/schemas.js","statementMap":{"0":{"start":{"line":14,"column":17},"end":{"line":14,"column":73}},"1":{"start":{"line":15,"column":4},"end":{"line":15,"column":31}},"2":{"start":{"line":18,"column":19},"end":{"line":22,"column":5}},"3":{"start":{"line":24,"column":4},"end":{"line":48,"column":5}},"4":{"start":{"line":25,"column":20},"end":{"line":25,"column":37}},"5":{"start":{"line":26,"column":8},"end":{"line":47,"column":9}},"6":{"start":{"line":29,"column":12},"end":{"line":43,"column":13}},"7":{"start":{"line":32,"column":36},"end":{"line":32,"column":46}},"8":{"start":{"line":33,"column":16},"end":{"line":42,"column":17}},"9":{"start":{"line":34,"column":20},"end":{"line":41,"column":21}},"10":{"start":{"line":35,"column":24},"end":{"line":40,"column":25}},"11":{"start":{"line":36,"column":46},"end":{"line":36,"column":82}},"12":{"start":{"line":37,"column":49},"end":{"line":37,"column":100}},"13":{"start":{"line":38,"column":28},"end":{"line":38,"column":71}},"14":{"start":{"line":39,"column":28},"end":{"line":39,"column":107}},"15":{"start":{"line":46,"column":12},"end":{"line":46,"column":35}},"16":{"start":{"line":49,"column":4},"end":{"line":49,"column":52}},"17":{"start":{"line":51,"column":4},"end":{"line":51,"column":17}},"18":{"start":{"line":60,"column":4},"end":{"line":83,"column":6}},"19":{"start":{"line":62,"column":8},"end":{"line":82,"column":9}},"20":{"start":{"line":63,"column":24},"end":{"line":63,"column":50}},"21":{"start":{"line":64,"column":29},"end":{"line":64,"column":31}},"22":{"start":{"line":66,"column":12},"end":{"line":74,"column":14}},"23":{"start":{"line":67,"column":29},"end":{"line":67,"column":81}},"24":{"start":{"line":68,"column":16},"end":{"line":73,"column":17}},"25":{"start":{"line":69,"column":20},"end":{"line":72,"column":22}},"26":{"start":{"line":75,"column":12},"end":{"line":78,"column":14}},"27":{"start":{"line":80,"column":12},"end":{"line":80,"column":82}},"28":{"start":{"line":81,"column":12},"end":{"line":81,"column":61}}},"fnMap":{"0":{"name":"buildsTemplate","decl":{"start":{"line":12,"column":16},"end":{"line":12,"column":30}},"loc":{"start":{"line":12,"column":58},"end":{"line":52,"column":1}},"line":12},"1":{"name":"mkSchemasList","decl":{"start":{"line":59,"column":16},"end":{"line":59,"column":29}},"loc":{"start":{"line":59,"column":42},"end":{"line":84,"column":1}},"line":59},"2":{"name":"(anonymous_2)","decl":{"start":{"line":60,"column":23},"end":{"line":60,"column":24}},"loc":{"start":{"line":60,"column":44},"end":{"line":83,"column":5}},"line":60},"3":{"name":"(anonymous_3)","decl":{"start":{"line":66,"column":26},"end":{"line":66,"column":27}},"loc":{"start":{"line":66,"column":36},"end":{"line":74,"column":13}},"line":66}},"branchMap":{"0":{"loc":{"start":{"line":24,"column":4},"end":{"line":48,"column":5}},"type":"if","locations":[{"start":{"line":24,"column":4},"end":{"line":48,"column":5}},{"start":{"line":24,"column":4},"end":{"line":48,"column":5}}],"line":24},"1":{"loc":{"start":{"line":29,"column":12},"end":{"line":43,"column":13}},"type":"if","locations":[{"start":{"line":29,"column":12},"end":{"line":43,"column":13}},{"start":{"line":29,"column":12},"end":{"line":43,"column":13}}],"line":29},"2":{"loc":{"start":{"line":34,"column":20},"end":{"line":41,"column":21}},"type":"if","locations":[{"start":{"line":34,"column":20},"end":{"line":41,"column":21}},{"start":{"line":34,"column":20},"end":{"line":41,"column":21}}],"line":34},"3":{"loc":{"start":{"line":35,"column":24},"end":{"line":40,"column":25}},"type":"if","locations":[{"start":{"line":35,"column":24},"end":{"line":40,"column":25}},{"start":{"line":35,"column":24},"end":{"line":40,"column":25}}],"line":35},"4":{"loc":{"start":{"line":68,"column":16},"end":{"line":73,"column":17}},"type":"if","locations":[{"start":{"line":68,"column":16},"end":{"line":73,"column":17}},{"start":{"line":68,"column":16},"end":{"line":73,"column":17}}],"line":68}},"s":{"0":0,"1":0,"2":0,"3":0,"4":0,"5":0,"6":0,"7":0,"8":0,"9":0,"10":0,"11":0,"12":0,"13":0,"14":0,"15":0,"16":0,"17":0,"18":0,"19":0,"20":0,"21":0,"22":0,"23":0,"24":0,"25":0,"26":0,"27":0,"28":0},"f":{"0":0,"1":0,"2":0,"3":0},"b":{"0":[0,0],"1":[0,0],"2":[0,0],"3":[0,0],"4":[0,0]}}
,"/home/divine/Documents/projects/hardocs/hardocs-vue-apollo-client/src/background.js": {"path":"/home/divine/Documents/projects/hardocs/hardocs-vue-apollo-client/src/background.js","statementMap":{"0":{"start":{"line":10,"column":22},"end":{"line":10,"column":59}},"1":{"start":{"line":15,"column":0},"end":{"line":23,"column":3}},"2":{"start":{"line":27,"column":2},"end":{"line":36,"column":5}},"3":{"start":{"line":38,"column":2},"end":{"line":46,"column":3}},"4":{"start":{"line":40,"column":4},"end":{"line":40,"column":52}},"5":{"start":{"line":41,"column":4},"end":{"line":41,"column":61}},"6":{"start":{"line":41,"column":30},"end":{"line":41,"column":61}},"7":{"start":{"line":43,"column":4},"end":{"line":43,"column":26}},"8":{"start":{"line":45,"column":4},"end":{"line":45,"column":38}},"9":{"start":{"line":48,"column":2},"end":{"line":50,"column":5}},"10":{"start":{"line":49,"column":4},"end":{"line":49,"column":15}},"11":{"start":{"line":54,"column":0},"end":{"line":60,"column":3}},"12":{"start":{"line":57,"column":2},"end":{"line":59,"column":3}},"13":{"start":{"line":58,"column":4},"end":{"line":58,"column":15}},"14":{"start":{"line":62,"column":0},"end":{"line":68,"column":3}},"15":{"start":{"line":65,"column":2},"end":{"line":67,"column":3}},"16":{"start":{"line":66,"column":4},"end":{"line":66,"column":19}},"17":{"start":{"line":73,"column":0},"end":{"line":84,"column":3}},"18":{"start":{"line":74,"column":2},"end":{"line":82,"column":3}},"19":{"start":{"line":76,"column":4},"end":{"line":81,"column":5}},"20":{"start":{"line":77,"column":6},"end":{"line":77,"column":45}},"21":{"start":{"line":78,"column":6},"end":{"line":78,"column":53}},"22":{"start":{"line":80,"column":6},"end":{"line":80,"column":65}},"23":{"start":{"line":83,"column":2},"end":{"line":83,"column":17}},"24":{"start":{"line":87,"column":0},"end":{"line":99,"column":1}},"25":{"start":{"line":88,"column":2},"end":{"line":98,"column":3}},"26":{"start":{"line":89,"column":4},"end":{"line":93,"column":7}},"27":{"start":{"line":90,"column":6},"end":{"line":92,"column":7}},"28":{"start":{"line":91,"column":8},"end":{"line":91,"column":19}},"29":{"start":{"line":95,"column":4},"end":{"line":97,"column":7}},"30":{"start":{"line":96,"column":6},"end":{"line":96,"column":17}}},"fnMap":{"0":{"name":"createWindow","decl":{"start":{"line":25,"column":9},"end":{"line":25,"column":21}},"loc":{"start":{"line":25,"column":24},"end":{"line":51,"column":1}},"line":25},"1":{"name":"(anonymous_1)","decl":{"start":{"line":48,"column":19},"end":{"line":48,"column":20}},"loc":{"start":{"line":48,"column":25},"end":{"line":50,"column":3}},"line":48},"2":{"name":"(anonymous_2)","decl":{"start":{"line":54,"column":28},"end":{"line":54,"column":29}},"loc":{"start":{"line":54,"column":34},"end":{"line":60,"column":1}},"line":54},"3":{"name":"(anonymous_3)","decl":{"start":{"line":62,"column":19},"end":{"line":62,"column":20}},"loc":{"start":{"line":62,"column":25},"end":{"line":68,"column":1}},"line":62},"4":{"name":"(anonymous_4)","decl":{"start":{"line":73,"column":16},"end":{"line":73,"column":17}},"loc":{"start":{"line":73,"column":28},"end":{"line":84,"column":1}},"line":73},"5":{"name":"(anonymous_5)","decl":{"start":{"line":89,"column":26},"end":{"line":89,"column":27}},"loc":{"start":{"line":89,"column":36},"end":{"line":93,"column":5}},"line":89},"6":{"name":"(anonymous_6)","decl":{"start":{"line":95,"column":26},"end":{"line":95,"column":27}},"loc":{"start":{"line":95,"column":32},"end":{"line":97,"column":5}},"line":95}},"branchMap":{"0":{"loc":{"start":{"line":38,"column":2},"end":{"line":46,"column":3}},"type":"if","locations":[{"start":{"line":38,"column":2},"end":{"line":46,"column":3}},{"start":{"line":38,"column":2},"end":{"line":46,"column":3}}],"line":38},"1":{"loc":{"start":{"line":41,"column":4},"end":{"line":41,"column":61}},"type":"if","locations":[{"start":{"line":41,"column":4},"end":{"line":41,"column":61}},{"start":{"line":41,"column":4},"end":{"line":41,"column":61}}],"line":41},"2":{"loc":{"start":{"line":57,"column":2},"end":{"line":59,"column":3}},"type":"if","locations":[{"start":{"line":57,"column":2},"end":{"line":59,"column":3}},{"start":{"line":57,"column":2},"end":{"line":59,"column":3}}],"line":57},"3":{"loc":{"start":{"line":65,"column":2},"end":{"line":67,"column":3}},"type":"if","locations":[{"start":{"line":65,"column":2},"end":{"line":67,"column":3}},{"start":{"line":65,"column":2},"end":{"line":67,"column":3}}],"line":65},"4":{"loc":{"start":{"line":74,"column":2},"end":{"line":82,"column":3}},"type":"if","locations":[{"start":{"line":74,"column":2},"end":{"line":82,"column":3}},{"start":{"line":74,"column":2},"end":{"line":82,"column":3}}],"line":74},"5":{"loc":{"start":{"line":74,"column":6},"end":{"line":74,"column":43}},"type":"binary-expr","locations":[{"start":{"line":74,"column":6},"end":{"line":74,"column":19}},{"start":{"line":74,"column":23},"end":{"line":74,"column":43}}],"line":74},"6":{"loc":{"start":{"line":87,"column":0},"end":{"line":99,"column":1}},"type":"if","locations":[{"start":{"line":87,"column":0},"end":{"line":99,"column":1}},{"start":{"line":87,"column":0},"end":{"line":99,"column":1}}],"line":87},"7":{"loc":{"start":{"line":88,"column":2},"end":{"line":98,"column":3}},"type":"if","locations":[{"start":{"line":88,"column":2},"end":{"line":98,"column":3}},{"start":{"line":88,"column":2},"end":{"line":98,"column":3}}],"line":88},"8":{"loc":{"start":{"line":90,"column":6},"end":{"line":92,"column":7}},"type":"if","locations":[{"start":{"line":90,"column":6},"end":{"line":92,"column":7}},{"start":{"line":90,"column":6},"end":{"line":92,"column":7}}],"line":90}},"s":{"0":0,"1":0,"2":0,"3":0,"4":0,"5":0,"6":0,"7":0,"8":0,"9":0,"10":0,"11":0,"12":0,"13":0,"14":0,"15":0,"16":0,"17":0,"18":0,"19":0,"20":0,"21":0,"22":0,"23":0,"24":0,"25":0,"26":0,"27":0,"28":0,"29":0,"30":0},"f":{"0":0,"1":0,"2":0,"3":0,"4":0,"5":0,"6":0},"b":{"0":[0,0],"1":[0,0],"2":[0,0],"3":[0,0],"4":[0,0],"5":[0,0],"6":[0,0],"7":[0,0],"8":[0,0]}}
,"/home/divine/Documents/projects/hardocs/hardocs-vue-apollo-client/src/main.js": {"path":"/home/divine/Documents/projects/hardocs/hardocs-vue-apollo-client/src/main.js","statementMap":{"0":{"start":{"line":10,"column":0},"end":{"line":10,"column":33}},"1":{"start":{"line":13,"column":0},"end":{"line":13,"column":20}},"2":{"start":{"line":14,"column":0},"end":{"line":14,"column":20}},"3":{"start":{"line":16,"column":0},"end":{"line":16,"column":33}},"4":{"start":{"line":18,"column":0},"end":{"line":23,"column":18}},"5":{"start":{"line":22,"column":17},"end":{"line":22,"column":23}}},"fnMap":{"0":{"name":"(anonymous_0)","decl":{"start":{"line":22,"column":10},"end":{"line":22,"column":11}},"loc":{"start":{"line":22,"column":17},"end":{"line":22,"column":23}},"line":22}},"branchMap":{},"s":{"0":0,"1":0,"2":0,"3":0,"4":0,"5":0},"f":{"0":0},"b":{}}
}
